<?xml version="1.0" encoding="UTF-8"?>
<!-- Generated by org.testng.reporters.JUnitReportReporter -->
<testsuite hostname="NDATRG01" name="Day6.TestPom" tests="1" failures="0" timestamp="9 Jul 2019 05:11:06 GMT" time="26.141" errors="0">
  <testcase name="loginLogout" time="26.141" classname="Day6.TestPom"/>
</testsuite> <!-- Day6.TestPom -->
